    ____  ____
   /   /\/   /
  /___/  \  /    VENDOR      : Xilinx Inc.
  \   \   \/     VERSION     : 14.7 (P.20131013)
   \   \         APPLICATION : C:\Xilinx\14.7\ISE_DS\ISE\bin\nt64\unwrapped\compxlib.exe
   /   /         CONTENTS    : Compilation Log
  /___/   /\     FILENAME    : compxlib.log
  \   \  /  \    
   \___\/\___\

Release 14.7 - C:\Xilinx\14.7\ISE_DS\ISE\bin\nt64\unwrapped\compxlib.exe 14.7 (nt64)
Copyright (c) 1995-2013 Xilinx, Inc.  All rights reserved.

Processing command line ...
Library Source Paths => 'C:/Xilinx/14.7/ISE_DS/ISE'
Current Working Directory => 'C:\Users\Nacho\Desktop\University\Tercero\ARCO\p1'
Compilation Mode = FAST
Execute Mode = ON
Scheduling library installation & compilation for architectures: spartan3

Scheduling library installation & compilation for libraries: simprim unisim xilinxcorelib edk

Signature:-
------------------------------------------------------------------------------
C:\Xilinx\14.7\ISE_DS\ISE\bin\nt64\unwrapped\compxlib.exe -s mti_se -l vhdl -p C:/intelFPGA_pro/17.0/modelsim_ase -arch spartan3 -lib unisim -lib simprim -lib xilinxcorelib -lib edk -exclude_superseded -intstyle ise 
------------------------------------------------------------------------------
ERROR:Compxlib - COMPXLIB[sim]: Unable to automatically find executables for simulator 'mti_se' from the following paths:
    C:/intelFPGA_pro/17.0/modelsim_ase
   C:\Xilinx\14.7\ISE_DS\ISE\\lib\nt64
   C:\Xilinx\14.7\ISE_DS\ISE\\bin\nt64
   C:\Xilinx\14.7\ISE_DS\ISE\bin\nt64
   C:\Xilinx\14.7\ISE_DS\ISE\lib\nt64
   C:\Xilinx\14.7\ISE_DS\ISE\..\..\..\DocNav
   C:\Xilinx\14.7\ISE_DS\PlanAhead\bin
   C:\Xilinx\14.7\ISE_DS\EDK\bin\nt64
   C:\Xilinx\14.7\ISE_DS\EDK\lib\nt64
   C:\Xilinx\14.7\ISE_DS\EDK\gnu\microblaze\nt\bin
   C:\Xilinx\14.7\ISE_DS\EDK\gnu\powerpc-eabi\nt\bin
   C:\Xilinx\14.7\ISE_DS\EDK\gnuwin\bin
   C:\Xilinx\14.7\ISE_DS\EDK\gnu\arm\nt\bin
   C:\Xilinx\14.7\ISE_DS\EDK\gnu\microblaze\linux_toolchain\nt64_be\bin
   C:\Xilinx\14.7\ISE_DS\EDK\gnu\microblaze\linux_toolchain\nt64_le\bin
   C:\Xilinx\14.7\ISE_DS\common\bin\nt64
   C:\Xilinx\14.7\ISE_DS\common\lib\nt64
   C:\ProgramData\Oracle\Java\javapath
   C:\Program Files (x86)\NVIDIA Corporation\PhysX\Common
   C:\Program Files (x86)\Intel\iCLS Client\
   C:\Program Files\Intel\iCLS Client\
   C:\Windows\system32
   C:\Windows
   C:\Windows\System32\Wbem
   C:\Windows\System32\WindowsPowerShell\v1.0\
   C:\Program Files\Intel\Intel(R) Management Engine Components\DAL
   C:\Program Files\Intel\Intel(R) Management Engine Components\IPT
   C:\Program Files (x86)\Intel\Intel(R) Management Engine Components\DAL
   C:\Program Files (x86)\Intel\Intel(R) Management Engine Components\IPT
   C:\Program Files\Condusiv Technologies\ExpressCache\
   C:\Program Files (x86)\Microsoft SQL Server\100\Tools\Binn\
   C:\Program Files (x86)\Microsoft SQL Server\100\DTS\Binn\
   C:\cygwin64\bin
   C:\Program Files (x86)\Skype\Phone\
   C:\Program Files\Git\cmd
   C:\Users\Nacho\AppData\Local\Microsoft\WindowsApps
   C:\intelFPGA_pro\17.0\modelsim_ase\win32aloem.
Simulator 'mti_se' is ignored.
