Release 14.7 - xst P.20131013 (nt64)
Copyright (c) 1995-2013 Xilinx, Inc.  All rights reserved.
--> Parameter TMPDIR set to xst/projnav.tmp


Total REAL time to Xst completion: 1.00 secs
Total CPU time to Xst completion: 0.20 secs
 
--> Parameter xsthdpdir set to xst


Total REAL time to Xst completion: 1.00 secs
Total CPU time to Xst completion: 0.20 secs
 
--> Reading design: processor.prj

TABLE OF CONTENTS
  1) Synthesis Options Summary
  2) HDL Compilation
  3) Design Hierarchy Analysis
  4) HDL Analysis
  5) HDL Synthesis
     5.1) HDL Synthesis Report
  6) Advanced HDL Synthesis
     6.1) Advanced HDL Synthesis Report
  7) Low Level Synthesis
  8) Partition Report
  9) Final Report
	9.1) Device utilization summary
	9.2) Partition Resource Summary
	9.3) TIMING REPORT


=========================================================================
*                      Synthesis Options Summary                        *
=========================================================================
---- Source Parameters
Input File Name                    : "processor.prj"
Input Format                       : mixed
Ignore Synthesis Constraint File   : NO

---- Target Parameters
Output File Name                   : "processor"
Output Format                      : NGC
Target Device                      : xc3s200-4-ft256

---- Source Options
Top Module Name                    : processor
Automatic FSM Extraction           : YES
FSM Encoding Algorithm             : Auto
Safe Implementation                : No
FSM Style                          : LUT
RAM Extraction                     : Yes
RAM Style                          : Auto
ROM Extraction                     : Yes
Mux Style                          : Auto
Decoder Extraction                 : YES
Priority Encoder Extraction        : Yes
Shift Register Extraction          : YES
Logical Shifter Extraction         : YES
XOR Collapsing                     : YES
ROM Style                          : Auto
Mux Extraction                     : Yes
Resource Sharing                   : YES
Asynchronous To Synchronous        : NO
Multiplier Style                   : Auto
Automatic Register Balancing       : No

---- Target Options
Add IO Buffers                     : YES
Global Maximum Fanout              : 100000
Add Generic Clock Buffer(BUFG)     : 8
Register Duplication               : YES
Slice Packing                      : YES
Optimize Instantiated Primitives   : NO
Use Clock Enable                   : Yes
Use Synchronous Set                : Yes
Use Synchronous Reset              : Yes
Pack IO Registers into IOBs        : Auto
Equivalent register Removal        : YES

---- General Options
Optimization Goal                  : Speed
Optimization Effort                : 1
Keep Hierarchy                     : No
Netlist Hierarchy                  : As_Optimized
RTL Output                         : Yes
Global Optimization                : AllClockNets
Read Cores                         : YES
Write Timing Constraints           : NO
Cross Clock Analysis               : NO
Hierarchy Separator                : /
Bus Delimiter                      : <>
Case Specifier                     : Maintain
Slice Utilization Ratio            : 100
BRAM Utilization Ratio             : 100
Verilog 2001                       : YES
Auto BRAM Packing                  : NO
Slice Utilization Ratio Delta      : 5

=========================================================================


=========================================================================
*                          HDL Compilation                              *
=========================================================================
Compiling vhdl file "C:/Users/Nacho/Desktop/University/Tercero/ARCO/p1/rtl/alu.vhd" in Library work.
Architecture rtl of Entity alu is up to date.
Compiling vhdl file "C:/Users/Nacho/Desktop/University/Tercero/ARCO/p1/rtl/alu_control.vhd" in Library work.
Architecture rtl of Entity alu_control is up to date.
Compiling vhdl file "C:/Users/Nacho/Desktop/University/Tercero/ARCO/p1/rtl/control_unit.vhd" in Library work.
Architecture rtl of Entity control_unit is up to date.
Compiling vhdl file "C:/Users/Nacho/Desktop/University/Tercero/ARCO/p1/rtl/reg_bank.vhd" in Library work.
Architecture rtl of Entity reg_bank is up to date.
Compiling vhdl file "C:/Users/Nacho/Desktop/University/Tercero/ARCO/p1/rtl/processor.vhd" in Library work.
Architecture rtl of Entity processor is up to date.

=========================================================================
*                     Design Hierarchy Analysis                         *
=========================================================================
Analyzing hierarchy for entity <processor> in library <work> (architecture <rtl>).

Analyzing hierarchy for entity <alu> in library <work> (architecture <rtl>).

Analyzing hierarchy for entity <alu_control> in library <work> (architecture <rtl>).

Analyzing hierarchy for entity <control_unit> in library <work> (architecture <rtl>).

Analyzing hierarchy for entity <reg_bank> in library <work> (architecture <rtl>).


=========================================================================
*                            HDL Analysis                               *
=========================================================================
Analyzing Entity <processor> in library <work> (Architecture <rtl>).
Entity <processor> analyzed. Unit <processor> generated.

Analyzing Entity <alu> in library <work> (Architecture <rtl>).
Entity <alu> analyzed. Unit <alu> generated.

Analyzing Entity <alu_control> in library <work> (Architecture <rtl>).
Entity <alu_control> analyzed. Unit <alu_control> generated.

Analyzing Entity <control_unit> in library <work> (Architecture <rtl>).
Entity <control_unit> analyzed. Unit <control_unit> generated.

Analyzing Entity <reg_bank> in library <work> (Architecture <rtl>).
Entity <reg_bank> analyzed. Unit <reg_bank> generated.


=========================================================================
*                           HDL Synthesis                               *
=========================================================================

Performing bidirectional port resolution...
INFO:Xst:2679 - Register <regs<0>> in unit <reg_bank> has a constant value of 00000000000000000000000000000000 during circuit operation. The register is replaced by logic.

Synthesizing Unit <alu>.
    Related source file is "C:/Users/Nacho/Desktop/University/Tercero/ARCO/p1/rtl/alu.vhd".
    Found 32-bit adder for signal <sigResult$addsub0000> created at line 56.
    Found 32-bit xor2 for signal <sigResult$xor0000> created at line 53.
    Found 33-bit subtractor for signal <subExt>.
    Summary:
	inferred   2 Adder/Subtractor(s).
Unit <alu> synthesized.


Synthesizing Unit <alu_control>.
    Related source file is "C:/Users/Nacho/Desktop/University/Tercero/ARCO/p1/rtl/alu_control.vhd".
WARNING:Xst:1305 - Output <ALUControl> is never assigned. Tied to value 0000.
WARNING:Xst:646 - Signal <sigResult> is assigned but never used. This unconnected signal will be trimmed during the optimization process.
Unit <alu_control> synthesized.


Synthesizing Unit <control_unit>.
    Related source file is "C:/Users/Nacho/Desktop/University/Tercero/ARCO/p1/rtl/control_unit.vhd".
Unit <control_unit> synthesized.


Synthesizing Unit <reg_bank>.
    Related source file is "C:/Users/Nacho/Desktop/University/Tercero/ARCO/p1/rtl/reg_bank.vhd".
    Found 32-bit 32-to-1 multiplexer for signal <Rd1>.
    Found 32-bit 32-to-1 multiplexer for signal <Rd2>.
    Found 992-bit register for signal <regs<1:31>>.
INFO:Xst:738 - HDL ADVISOR - 992 flip-flops were inferred for signal <regs>. You may be trying to describe a RAM in a way that is incompatible with block and distributed RAM resources available on Xilinx devices, or with a specific template that is not supported. Please review the Xilinx resources documentation and the XST user manual for coding guidelines. Taking advantage of RAM resources will lead to improved device usage and reduced synthesis time.
    Summary:
	inferred 992 D-type flip-flop(s).
	inferred  64 Multiplexer(s).
Unit <reg_bank> synthesized.


Synthesizing Unit <processor>.
    Related source file is "C:/Users/Nacho/Desktop/University/Tercero/ARCO/p1/rtl/processor.vhd".
    Found 32-bit adder for signal <PC4>.
    Found 32-bit register for signal <pc_exit>.
    Found 32-bit adder for signal <PCadd>.
    Summary:
	inferred  32 D-type flip-flop(s).
	inferred   2 Adder/Subtractor(s).
Unit <processor> synthesized.


=========================================================================
HDL Synthesis Report

Macro Statistics
# Adders/Subtractors                                   : 4
 32-bit adder                                          : 3
 33-bit subtractor                                     : 1
# Registers                                            : 32
 32-bit register                                       : 32
# Multiplexers                                         : 2
 32-bit 32-to-1 multiplexer                            : 2
# Xors                                                 : 1
 32-bit xor2                                           : 1

=========================================================================

=========================================================================
*                       Advanced HDL Synthesis                          *
=========================================================================

WARNING:Xst:1290 - Hierarchical block <i_alu_control> is unconnected in block <processor>.
   It will be removed from the design.

=========================================================================
Advanced HDL Synthesis Report

Macro Statistics
# Adders/Subtractors                                   : 4
 32-bit adder                                          : 3
 33-bit subtractor                                     : 1
# Registers                                            : 1024
 Flip-Flops                                            : 1024
# Multiplexers                                         : 64
 1-bit 32-to-1 multiplexer                             : 64
# Xors                                                 : 1
 32-bit xor2                                           : 1

=========================================================================

=========================================================================
*                         Low Level Synthesis                           *
=========================================================================
WARNING:Xst:1710 - FF/Latch <pc_exit_0> (without init value) has a constant value of 0 in block <processor>. This FF/Latch will be trimmed during the optimization process.
WARNING:Xst:1895 - Due to other FF/Latch trimming, FF/Latch <pc_exit_1> (without init value) has a constant value of 0 in block <processor>. This FF/Latch will be trimmed during the optimization process.

Optimizing unit <processor> ...

Optimizing unit <alu> ...

Optimizing unit <reg_bank> ...

Mapping all equations...
Building and optimizing final netlist ...
Found area constraint ratio of 100 (+ 5) on block processor, actual ratio is 60.

Final Macro Processing ...

=========================================================================
Final Register Report

Macro Statistics
# Registers                                            : 1022
 Flip-Flops                                            : 1022

=========================================================================

=========================================================================
*                           Partition Report                            *
=========================================================================

Partition Implementation Status
-------------------------------

  No Partitions were found in this design.

-------------------------------

=========================================================================
*                            Final Report                               *
=========================================================================
Final Results
RTL Top Level Output File Name     : processor.ngr
Top Level Output File Name         : processor
Output Format                      : NGC
Optimization Goal                  : Speed
Keep Hierarchy                     : No

Design Statistics
# IOs                              : 164

Cell Usage :
# BELS                             : 2414
#      GND                         : 1
#      INV                         : 1
#      LUT1                        : 29
#      LUT2                        : 113
#      LUT3                        : 1062
#      LUT4                        : 56
#      MUXCY                       : 99
#      MUXF5                       : 512
#      MUXF6                       : 256
#      MUXF7                       : 128
#      MUXF8                       : 64
#      VCC                         : 1
#      XORCY                       : 92
# FlipFlops/Latches                : 1022
#      FD                          : 30
#      FDCE                        : 992
# Clock Buffers                    : 1
#      BUFGP                       : 1
# IO Buffers                       : 163
#      IBUF                        : 65
#      OBUF                        : 98
=========================================================================

Device utilization summary:
---------------------------

Selected Device : 3s200ft256-4 

 Number of Slices:                     1152  out of   1920    60%  
 Number of Slice Flip Flops:           1022  out of   3840    26%  
 Number of 4 input LUTs:               1261  out of   3840    32%  
 Number of IOs:                         164
 Number of bonded IOBs:                 164  out of    173    94%  
 Number of GCLKs:                         1  out of      8    12%  

---------------------------
Partition Resource Summary:
---------------------------

  No Partitions were found in this design.

---------------------------


=========================================================================
TIMING REPORT

NOTE: THESE TIMING NUMBERS ARE ONLY A SYNTHESIS ESTIMATE.
      FOR ACCURATE TIMING INFORMATION PLEASE REFER TO THE TRACE REPORT
      GENERATED AFTER PLACE-and-ROUTE.

Clock Information:
------------------
-----------------------------------+------------------------+-------+
Clock Signal                       | Clock buffer(FF name)  | Load  |
-----------------------------------+------------------------+-------+
Clk                                | BUFGP                  | 1022  |
-----------------------------------+------------------------+-------+

Asynchronous Control Signals Information:
----------------------------------------
-----------------------------------+------------------------+-------+
Control Signal                     | Buffer(FF name)        | Load  |
-----------------------------------+------------------------+-------+
Reset                              | IBUF                   | 992   |
-----------------------------------+------------------------+-------+

Timing Summary:
---------------
Speed Grade: -4

   Minimum period: 15.190ns (Maximum Frequency: 65.834MHz)
   Minimum input arrival time before clock: 19.092ns
   Maximum output required time after clock: 16.605ns
   Maximum combinational path delay: 20.507ns

Timing Detail:
--------------
All values displayed in nanoseconds (ns)

=========================================================================
Timing constraint: Default period analysis for Clock 'Clk'
  Clock period: 15.190ns (frequency: 65.834MHz)
  Total number of paths / destination ports: 2944752 / 1022
-------------------------------------------------------------------------
Delay:               15.190ns (Levels of Logic = 41)
  Source:            i_reg_bank/regs_1_0 (FF)
  Destination:       pc_exit_2 (FF)
  Source Clock:      Clk rising
  Destination Clock: Clk rising

  Data Path: i_reg_bank/regs_1_0 to pc_exit_2
                                Gate     Net
    Cell:in->out      fanout   Delay   Delay  Logical Name (Net Name)
    ----------------------------------------  ------------
     FDCE:C->Q             2   0.720   1.072  i_reg_bank/regs_1_0 (i_reg_bank/regs_1_0)
     LUT2:I1->O            1   0.551   0.000  i_reg_bank/mux32_10 (i_reg_bank/mux32_10)
     MUXF5:I0->O           1   0.360   0.000  i_reg_bank/mux32_8_f5 (i_reg_bank/mux32_8_f5)
     MUXF6:I0->O           1   0.342   0.000  i_reg_bank/mux32_6_f6 (i_reg_bank/mux32_6_f6)
     MUXF7:I0->O           1   0.342   0.000  i_reg_bank/mux32_4_f7 (i_reg_bank/mux32_4_f7)
     MUXF8:I0->O           2   0.342   0.903  i_reg_bank/mux32_2_f8 (DDataOut_0_OBUF)
     LUT4:I3->O            1   0.551   0.996  OpB<0>2 (OpB<0>)
     LUT2:I1->O            1   0.551   0.000  i_alu/Madd_sigResult_addsub0000_lut<0> (i_alu/Madd_sigResult_addsub0000_lut<0>)
     MUXCY:S->O            1   0.500   0.000  i_alu/Madd_sigResult_addsub0000_cy<0> (i_alu/Madd_sigResult_addsub0000_cy<0>)
     MUXCY:CI->O           1   0.064   0.000  i_alu/Madd_sigResult_addsub0000_cy<1> (i_alu/Madd_sigResult_addsub0000_cy<1>)
     MUXCY:CI->O           1   0.064   0.000  i_alu/Madd_sigResult_addsub0000_cy<2> (i_alu/Madd_sigResult_addsub0000_cy<2>)
     MUXCY:CI->O           1   0.064   0.000  i_alu/Madd_sigResult_addsub0000_cy<3> (i_alu/Madd_sigResult_addsub0000_cy<3>)
     MUXCY:CI->O           1   0.064   0.000  i_alu/Madd_sigResult_addsub0000_cy<4> (i_alu/Madd_sigResult_addsub0000_cy<4>)
     MUXCY:CI->O           1   0.064   0.000  i_alu/Madd_sigResult_addsub0000_cy<5> (i_alu/Madd_sigResult_addsub0000_cy<5>)
     MUXCY:CI->O           1   0.064   0.000  i_alu/Madd_sigResult_addsub0000_cy<6> (i_alu/Madd_sigResult_addsub0000_cy<6>)
     MUXCY:CI->O           1   0.064   0.000  i_alu/Madd_sigResult_addsub0000_cy<7> (i_alu/Madd_sigResult_addsub0000_cy<7>)
     MUXCY:CI->O           1   0.064   0.000  i_alu/Madd_sigResult_addsub0000_cy<8> (i_alu/Madd_sigResult_addsub0000_cy<8>)
     MUXCY:CI->O           1   0.064   0.000  i_alu/Madd_sigResult_addsub0000_cy<9> (i_alu/Madd_sigResult_addsub0000_cy<9>)
     MUXCY:CI->O           1   0.064   0.000  i_alu/Madd_sigResult_addsub0000_cy<10> (i_alu/Madd_sigResult_addsub0000_cy<10>)
     MUXCY:CI->O           1   0.064   0.000  i_alu/Madd_sigResult_addsub0000_cy<11> (i_alu/Madd_sigResult_addsub0000_cy<11>)
     MUXCY:CI->O           1   0.064   0.000  i_alu/Madd_sigResult_addsub0000_cy<12> (i_alu/Madd_sigResult_addsub0000_cy<12>)
     MUXCY:CI->O           1   0.064   0.000  i_alu/Madd_sigResult_addsub0000_cy<13> (i_alu/Madd_sigResult_addsub0000_cy<13>)
     MUXCY:CI->O           1   0.064   0.000  i_alu/Madd_sigResult_addsub0000_cy<14> (i_alu/Madd_sigResult_addsub0000_cy<14>)
     MUXCY:CI->O           1   0.064   0.000  i_alu/Madd_sigResult_addsub0000_cy<15> (i_alu/Madd_sigResult_addsub0000_cy<15>)
     MUXCY:CI->O           1   0.064   0.000  i_alu/Madd_sigResult_addsub0000_cy<16> (i_alu/Madd_sigResult_addsub0000_cy<16>)
     MUXCY:CI->O           1   0.064   0.000  i_alu/Madd_sigResult_addsub0000_cy<17> (i_alu/Madd_sigResult_addsub0000_cy<17>)
     MUXCY:CI->O           1   0.064   0.000  i_alu/Madd_sigResult_addsub0000_cy<18> (i_alu/Madd_sigResult_addsub0000_cy<18>)
     MUXCY:CI->O           1   0.064   0.000  i_alu/Madd_sigResult_addsub0000_cy<19> (i_alu/Madd_sigResult_addsub0000_cy<19>)
     MUXCY:CI->O           1   0.064   0.000  i_alu/Madd_sigResult_addsub0000_cy<20> (i_alu/Madd_sigResult_addsub0000_cy<20>)
     XORCY:CI->O           3   0.904   1.246  i_alu/Madd_sigResult_addsub0000_xor<21> (DAddr_21_OBUF)
     LUT2:I0->O            1   0.551   0.000  pc_in<10>1_wg_lut<0> (pc_in<10>1_wg_lut<0>)
     MUXCY:S->O            1   0.500   0.000  pc_in<10>1_wg_cy<0> (pc_in<10>1_wg_cy<0>)
     MUXCY:CI->O           1   0.064   0.000  pc_in<10>1_wg_cy<1> (pc_in<10>1_wg_cy<1>)
     MUXCY:CI->O           1   0.064   0.000  pc_in<10>1_wg_cy<2> (pc_in<10>1_wg_cy<2>)
     MUXCY:CI->O           1   0.064   0.000  pc_in<10>1_wg_cy<3> (pc_in<10>1_wg_cy<3>)
     MUXCY:CI->O           1   0.064   0.000  pc_in<10>1_wg_cy<4> (pc_in<10>1_wg_cy<4>)
     MUXCY:CI->O           1   0.064   0.000  pc_in<10>1_wg_cy<5> (pc_in<10>1_wg_cy<5>)
     MUXCY:CI->O           1   0.064   0.000  pc_in<10>1_wg_cy<6> (pc_in<10>1_wg_cy<6>)
     MUXCY:CI->O           1   0.064   0.000  pc_in<10>1_wg_cy<7> (pc_in<10>1_wg_cy<7>)
     MUXCY:CI->O           1   0.064   0.000  pc_in<10>1_wg_cy<8> (pc_in<10>1_wg_cy<8>)
     MUXCY:CI->O          30   0.303   1.910  pc_in<10>1_wg_cy<9> (pc_in<10>1_wg_cy<9>)
     LUT3:I2->O            1   0.551   0.000  pc_in<9>1 (pc_in<9>)
     FD:D                      0.203          pc_exit_9
    ----------------------------------------
    Total                     15.190ns (9.063ns logic, 6.127ns route)
                                       (59.7% logic, 40.3% route)

=========================================================================
Timing constraint: Default OFFSET IN BEFORE for Clock 'Clk'
  Total number of paths / destination ports: 3508341 / 2014
-------------------------------------------------------------------------
Offset:              19.092ns (Levels of Logic = 42)
  Source:            IDataIn<16> (PAD)
  Destination:       pc_exit_2 (FF)
  Destination Clock: Clk rising

  Data Path: IDataIn<16> to pc_exit_2
                                Gate     Net
    Cell:in->out      fanout   Delay   Delay  Logical Name (Net Name)
    ----------------------------------------  ------------
     IBUF:I->O           513   0.821   4.873  IDataIn_16_IBUF (IDataIn_16_IBUF)
     LUT3:I0->O            1   0.551   0.000  i_reg_bank/mux32_6 (i_reg_bank/mux32_6)
     MUXF5:I1->O           1   0.360   0.000  i_reg_bank/mux32_5_f5 (i_reg_bank/mux32_5_f5)
     MUXF6:I1->O           1   0.342   0.000  i_reg_bank/mux32_4_f6 (i_reg_bank/mux32_4_f6)
     MUXF7:I1->O           1   0.342   0.000  i_reg_bank/mux32_3_f7 (i_reg_bank/mux32_3_f7)
     MUXF8:I1->O           2   0.342   0.903  i_reg_bank/mux32_2_f8 (DDataOut_0_OBUF)
     LUT4:I3->O            1   0.551   0.996  OpB<0>2 (OpB<0>)
     LUT2:I1->O            1   0.551   0.000  i_alu/Madd_sigResult_addsub0000_lut<0> (i_alu/Madd_sigResult_addsub0000_lut<0>)
     MUXCY:S->O            1   0.500   0.000  i_alu/Madd_sigResult_addsub0000_cy<0> (i_alu/Madd_sigResult_addsub0000_cy<0>)
     MUXCY:CI->O           1   0.064   0.000  i_alu/Madd_sigResult_addsub0000_cy<1> (i_alu/Madd_sigResult_addsub0000_cy<1>)
     MUXCY:CI->O           1   0.064   0.000  i_alu/Madd_sigResult_addsub0000_cy<2> (i_alu/Madd_sigResult_addsub0000_cy<2>)
     MUXCY:CI->O           1   0.064   0.000  i_alu/Madd_sigResult_addsub0000_cy<3> (i_alu/Madd_sigResult_addsub0000_cy<3>)
     MUXCY:CI->O           1   0.064   0.000  i_alu/Madd_sigResult_addsub0000_cy<4> (i_alu/Madd_sigResult_addsub0000_cy<4>)
     MUXCY:CI->O           1   0.064   0.000  i_alu/Madd_sigResult_addsub0000_cy<5> (i_alu/Madd_sigResult_addsub0000_cy<5>)
     MUXCY:CI->O           1   0.064   0.000  i_alu/Madd_sigResult_addsub0000_cy<6> (i_alu/Madd_sigResult_addsub0000_cy<6>)
     MUXCY:CI->O           1   0.064   0.000  i_alu/Madd_sigResult_addsub0000_cy<7> (i_alu/Madd_sigResult_addsub0000_cy<7>)
     MUXCY:CI->O           1   0.064   0.000  i_alu/Madd_sigResult_addsub0000_cy<8> (i_alu/Madd_sigResult_addsub0000_cy<8>)
     MUXCY:CI->O           1   0.064   0.000  i_alu/Madd_sigResult_addsub0000_cy<9> (i_alu/Madd_sigResult_addsub0000_cy<9>)
     MUXCY:CI->O           1   0.064   0.000  i_alu/Madd_sigResult_addsub0000_cy<10> (i_alu/Madd_sigResult_addsub0000_cy<10>)
     MUXCY:CI->O           1   0.064   0.000  i_alu/Madd_sigResult_addsub0000_cy<11> (i_alu/Madd_sigResult_addsub0000_cy<11>)
     MUXCY:CI->O           1   0.064   0.000  i_alu/Madd_sigResult_addsub0000_cy<12> (i_alu/Madd_sigResult_addsub0000_cy<12>)
     MUXCY:CI->O           1   0.064   0.000  i_alu/Madd_sigResult_addsub0000_cy<13> (i_alu/Madd_sigResult_addsub0000_cy<13>)
     MUXCY:CI->O           1   0.064   0.000  i_alu/Madd_sigResult_addsub0000_cy<14> (i_alu/Madd_sigResult_addsub0000_cy<14>)
     MUXCY:CI->O           1   0.064   0.000  i_alu/Madd_sigResult_addsub0000_cy<15> (i_alu/Madd_sigResult_addsub0000_cy<15>)
     MUXCY:CI->O           1   0.064   0.000  i_alu/Madd_sigResult_addsub0000_cy<16> (i_alu/Madd_sigResult_addsub0000_cy<16>)
     MUXCY:CI->O           1   0.064   0.000  i_alu/Madd_sigResult_addsub0000_cy<17> (i_alu/Madd_sigResult_addsub0000_cy<17>)
     MUXCY:CI->O           1   0.064   0.000  i_alu/Madd_sigResult_addsub0000_cy<18> (i_alu/Madd_sigResult_addsub0000_cy<18>)
     MUXCY:CI->O           1   0.064   0.000  i_alu/Madd_sigResult_addsub0000_cy<19> (i_alu/Madd_sigResult_addsub0000_cy<19>)
     MUXCY:CI->O           1   0.064   0.000  i_alu/Madd_sigResult_addsub0000_cy<20> (i_alu/Madd_sigResult_addsub0000_cy<20>)
     XORCY:CI->O           3   0.904   1.246  i_alu/Madd_sigResult_addsub0000_xor<21> (DAddr_21_OBUF)
     LUT2:I0->O            1   0.551   0.000  pc_in<10>1_wg_lut<0> (pc_in<10>1_wg_lut<0>)
     MUXCY:S->O            1   0.500   0.000  pc_in<10>1_wg_cy<0> (pc_in<10>1_wg_cy<0>)
     MUXCY:CI->O           1   0.064   0.000  pc_in<10>1_wg_cy<1> (pc_in<10>1_wg_cy<1>)
     MUXCY:CI->O           1   0.064   0.000  pc_in<10>1_wg_cy<2> (pc_in<10>1_wg_cy<2>)
     MUXCY:CI->O           1   0.064   0.000  pc_in<10>1_wg_cy<3> (pc_in<10>1_wg_cy<3>)
     MUXCY:CI->O           1   0.064   0.000  pc_in<10>1_wg_cy<4> (pc_in<10>1_wg_cy<4>)
     MUXCY:CI->O           1   0.064   0.000  pc_in<10>1_wg_cy<5> (pc_in<10>1_wg_cy<5>)
     MUXCY:CI->O           1   0.064   0.000  pc_in<10>1_wg_cy<6> (pc_in<10>1_wg_cy<6>)
     MUXCY:CI->O           1   0.064   0.000  pc_in<10>1_wg_cy<7> (pc_in<10>1_wg_cy<7>)
     MUXCY:CI->O           1   0.064   0.000  pc_in<10>1_wg_cy<8> (pc_in<10>1_wg_cy<8>)
     MUXCY:CI->O          30   0.303   1.910  pc_in<10>1_wg_cy<9> (pc_in<10>1_wg_cy<9>)
     LUT3:I2->O            1   0.551   0.000  pc_in<9>1 (pc_in<9>)
     FD:D                      0.203          pc_exit_9
    ----------------------------------------
    Total                     19.092ns (9.164ns logic, 9.928ns route)
                                       (48.0% logic, 52.0% route)

=========================================================================
Timing constraint: Default OFFSET OUT AFTER for Clock 'Clk'
  Total number of paths / destination ports: 49134 / 94
-------------------------------------------------------------------------
Offset:              16.605ns (Levels of Logic = 40)
  Source:            i_reg_bank/regs_1_0 (FF)
  Destination:       DAddr<31> (PAD)
  Source Clock:      Clk rising

  Data Path: i_reg_bank/regs_1_0 to DAddr<31>
                                Gate     Net
    Cell:in->out      fanout   Delay   Delay  Logical Name (Net Name)
    ----------------------------------------  ------------
     FDCE:C->Q             2   0.720   1.072  i_reg_bank/regs_1_0 (i_reg_bank/regs_1_0)
     LUT2:I1->O            1   0.551   0.000  i_reg_bank/mux32_10 (i_reg_bank/mux32_10)
     MUXF5:I0->O           1   0.360   0.000  i_reg_bank/mux32_8_f5 (i_reg_bank/mux32_8_f5)
     MUXF6:I0->O           1   0.342   0.000  i_reg_bank/mux32_6_f6 (i_reg_bank/mux32_6_f6)
     MUXF7:I0->O           1   0.342   0.000  i_reg_bank/mux32_4_f7 (i_reg_bank/mux32_4_f7)
     MUXF8:I0->O           2   0.342   0.903  i_reg_bank/mux32_2_f8 (DDataOut_0_OBUF)
     LUT4:I3->O            1   0.551   0.996  OpB<0>2 (OpB<0>)
     LUT2:I1->O            1   0.551   0.000  i_alu/Madd_sigResult_addsub0000_lut<0> (i_alu/Madd_sigResult_addsub0000_lut<0>)
     MUXCY:S->O            1   0.500   0.000  i_alu/Madd_sigResult_addsub0000_cy<0> (i_alu/Madd_sigResult_addsub0000_cy<0>)
     MUXCY:CI->O           1   0.064   0.000  i_alu/Madd_sigResult_addsub0000_cy<1> (i_alu/Madd_sigResult_addsub0000_cy<1>)
     MUXCY:CI->O           1   0.064   0.000  i_alu/Madd_sigResult_addsub0000_cy<2> (i_alu/Madd_sigResult_addsub0000_cy<2>)
     MUXCY:CI->O           1   0.064   0.000  i_alu/Madd_sigResult_addsub0000_cy<3> (i_alu/Madd_sigResult_addsub0000_cy<3>)
     MUXCY:CI->O           1   0.064   0.000  i_alu/Madd_sigResult_addsub0000_cy<4> (i_alu/Madd_sigResult_addsub0000_cy<4>)
     MUXCY:CI->O           1   0.064   0.000  i_alu/Madd_sigResult_addsub0000_cy<5> (i_alu/Madd_sigResult_addsub0000_cy<5>)
     MUXCY:CI->O           1   0.064   0.000  i_alu/Madd_sigResult_addsub0000_cy<6> (i_alu/Madd_sigResult_addsub0000_cy<6>)
     MUXCY:CI->O           1   0.064   0.000  i_alu/Madd_sigResult_addsub0000_cy<7> (i_alu/Madd_sigResult_addsub0000_cy<7>)
     MUXCY:CI->O           1   0.064   0.000  i_alu/Madd_sigResult_addsub0000_cy<8> (i_alu/Madd_sigResult_addsub0000_cy<8>)
     MUXCY:CI->O           1   0.064   0.000  i_alu/Madd_sigResult_addsub0000_cy<9> (i_alu/Madd_sigResult_addsub0000_cy<9>)
     MUXCY:CI->O           1   0.064   0.000  i_alu/Madd_sigResult_addsub0000_cy<10> (i_alu/Madd_sigResult_addsub0000_cy<10>)
     MUXCY:CI->O           1   0.064   0.000  i_alu/Madd_sigResult_addsub0000_cy<11> (i_alu/Madd_sigResult_addsub0000_cy<11>)
     MUXCY:CI->O           1   0.064   0.000  i_alu/Madd_sigResult_addsub0000_cy<12> (i_alu/Madd_sigResult_addsub0000_cy<12>)
     MUXCY:CI->O           1   0.064   0.000  i_alu/Madd_sigResult_addsub0000_cy<13> (i_alu/Madd_sigResult_addsub0000_cy<13>)
     MUXCY:CI->O           1   0.064   0.000  i_alu/Madd_sigResult_addsub0000_cy<14> (i_alu/Madd_sigResult_addsub0000_cy<14>)
     MUXCY:CI->O           1   0.064   0.000  i_alu/Madd_sigResult_addsub0000_cy<15> (i_alu/Madd_sigResult_addsub0000_cy<15>)
     MUXCY:CI->O           1   0.064   0.000  i_alu/Madd_sigResult_addsub0000_cy<16> (i_alu/Madd_sigResult_addsub0000_cy<16>)
     MUXCY:CI->O           1   0.064   0.000  i_alu/Madd_sigResult_addsub0000_cy<17> (i_alu/Madd_sigResult_addsub0000_cy<17>)
     MUXCY:CI->O           1   0.064   0.000  i_alu/Madd_sigResult_addsub0000_cy<18> (i_alu/Madd_sigResult_addsub0000_cy<18>)
     MUXCY:CI->O           1   0.064   0.000  i_alu/Madd_sigResult_addsub0000_cy<19> (i_alu/Madd_sigResult_addsub0000_cy<19>)
     MUXCY:CI->O           1   0.064   0.000  i_alu/Madd_sigResult_addsub0000_cy<20> (i_alu/Madd_sigResult_addsub0000_cy<20>)
     MUXCY:CI->O           1   0.064   0.000  i_alu/Madd_sigResult_addsub0000_cy<21> (i_alu/Madd_sigResult_addsub0000_cy<21>)
     MUXCY:CI->O           1   0.064   0.000  i_alu/Madd_sigResult_addsub0000_cy<22> (i_alu/Madd_sigResult_addsub0000_cy<22>)
     MUXCY:CI->O           1   0.064   0.000  i_alu/Madd_sigResult_addsub0000_cy<23> (i_alu/Madd_sigResult_addsub0000_cy<23>)
     MUXCY:CI->O           1   0.064   0.000  i_alu/Madd_sigResult_addsub0000_cy<24> (i_alu/Madd_sigResult_addsub0000_cy<24>)
     MUXCY:CI->O           1   0.064   0.000  i_alu/Madd_sigResult_addsub0000_cy<25> (i_alu/Madd_sigResult_addsub0000_cy<25>)
     MUXCY:CI->O           1   0.064   0.000  i_alu/Madd_sigResult_addsub0000_cy<26> (i_alu/Madd_sigResult_addsub0000_cy<26>)
     MUXCY:CI->O           1   0.064   0.000  i_alu/Madd_sigResult_addsub0000_cy<27> (i_alu/Madd_sigResult_addsub0000_cy<27>)
     MUXCY:CI->O           1   0.064   0.000  i_alu/Madd_sigResult_addsub0000_cy<28> (i_alu/Madd_sigResult_addsub0000_cy<28>)
     MUXCY:CI->O           1   0.064   0.000  i_alu/Madd_sigResult_addsub0000_cy<29> (i_alu/Madd_sigResult_addsub0000_cy<29>)
     MUXCY:CI->O           0   0.064   0.000  i_alu/Madd_sigResult_addsub0000_cy<30> (i_alu/Madd_sigResult_addsub0000_cy<30>)
     XORCY:CI->O           3   0.904   0.907  i_alu/Madd_sigResult_addsub0000_xor<31> (DAddr_31_OBUF)
     OBUF:I->O                 5.644          DAddr_31_OBUF (DAddr<31>)
    ----------------------------------------
    Total                     16.605ns (12.727ns logic, 3.878ns route)
                                       (76.6% logic, 23.4% route)

=========================================================================
Timing constraint: Default path analysis
  Total number of paths / destination ports: 57564 / 66
-------------------------------------------------------------------------
Delay:               20.507ns (Levels of Logic = 41)
  Source:            IDataIn<16> (PAD)
  Destination:       DAddr<31> (PAD)

  Data Path: IDataIn<16> to DAddr<31>
                                Gate     Net
    Cell:in->out      fanout   Delay   Delay  Logical Name (Net Name)
    ----------------------------------------  ------------
     IBUF:I->O           513   0.821   4.873  IDataIn_16_IBUF (IDataIn_16_IBUF)
     LUT3:I0->O            1   0.551   0.000  i_reg_bank/mux32_6 (i_reg_bank/mux32_6)
     MUXF5:I1->O           1   0.360   0.000  i_reg_bank/mux32_5_f5 (i_reg_bank/mux32_5_f5)
     MUXF6:I1->O           1   0.342   0.000  i_reg_bank/mux32_4_f6 (i_reg_bank/mux32_4_f6)
     MUXF7:I1->O           1   0.342   0.000  i_reg_bank/mux32_3_f7 (i_reg_bank/mux32_3_f7)
     MUXF8:I1->O           2   0.342   0.903  i_reg_bank/mux32_2_f8 (DDataOut_0_OBUF)
     LUT4:I3->O            1   0.551   0.996  OpB<0>2 (OpB<0>)
     LUT2:I1->O            1   0.551   0.000  i_alu/Madd_sigResult_addsub0000_lut<0> (i_alu/Madd_sigResult_addsub0000_lut<0>)
     MUXCY:S->O            1   0.500   0.000  i_alu/Madd_sigResult_addsub0000_cy<0> (i_alu/Madd_sigResult_addsub0000_cy<0>)
     MUXCY:CI->O           1   0.064   0.000  i_alu/Madd_sigResult_addsub0000_cy<1> (i_alu/Madd_sigResult_addsub0000_cy<1>)
     MUXCY:CI->O           1   0.064   0.000  i_alu/Madd_sigResult_addsub0000_cy<2> (i_alu/Madd_sigResult_addsub0000_cy<2>)
     MUXCY:CI->O           1   0.064   0.000  i_alu/Madd_sigResult_addsub0000_cy<3> (i_alu/Madd_sigResult_addsub0000_cy<3>)
     MUXCY:CI->O           1   0.064   0.000  i_alu/Madd_sigResult_addsub0000_cy<4> (i_alu/Madd_sigResult_addsub0000_cy<4>)
     MUXCY:CI->O           1   0.064   0.000  i_alu/Madd_sigResult_addsub0000_cy<5> (i_alu/Madd_sigResult_addsub0000_cy<5>)
     MUXCY:CI->O           1   0.064   0.000  i_alu/Madd_sigResult_addsub0000_cy<6> (i_alu/Madd_sigResult_addsub0000_cy<6>)
     MUXCY:CI->O           1   0.064   0.000  i_alu/Madd_sigResult_addsub0000_cy<7> (i_alu/Madd_sigResult_addsub0000_cy<7>)
     MUXCY:CI->O           1   0.064   0.000  i_alu/Madd_sigResult_addsub0000_cy<8> (i_alu/Madd_sigResult_addsub0000_cy<8>)
     MUXCY:CI->O           1   0.064   0.000  i_alu/Madd_sigResult_addsub0000_cy<9> (i_alu/Madd_sigResult_addsub0000_cy<9>)
     MUXCY:CI->O           1   0.064   0.000  i_alu/Madd_sigResult_addsub0000_cy<10> (i_alu/Madd_sigResult_addsub0000_cy<10>)
     MUXCY:CI->O           1   0.064   0.000  i_alu/Madd_sigResult_addsub0000_cy<11> (i_alu/Madd_sigResult_addsub0000_cy<11>)
     MUXCY:CI->O           1   0.064   0.000  i_alu/Madd_sigResult_addsub0000_cy<12> (i_alu/Madd_sigResult_addsub0000_cy<12>)
     MUXCY:CI->O           1   0.064   0.000  i_alu/Madd_sigResult_addsub0000_cy<13> (i_alu/Madd_sigResult_addsub0000_cy<13>)
     MUXCY:CI->O           1   0.064   0.000  i_alu/Madd_sigResult_addsub0000_cy<14> (i_alu/Madd_sigResult_addsub0000_cy<14>)
     MUXCY:CI->O           1   0.064   0.000  i_alu/Madd_sigResult_addsub0000_cy<15> (i_alu/Madd_sigResult_addsub0000_cy<15>)
     MUXCY:CI->O           1   0.064   0.000  i_alu/Madd_sigResult_addsub0000_cy<16> (i_alu/Madd_sigResult_addsub0000_cy<16>)
     MUXCY:CI->O           1   0.064   0.000  i_alu/Madd_sigResult_addsub0000_cy<17> (i_alu/Madd_sigResult_addsub0000_cy<17>)
     MUXCY:CI->O           1   0.064   0.000  i_alu/Madd_sigResult_addsub0000_cy<18> (i_alu/Madd_sigResult_addsub0000_cy<18>)
     MUXCY:CI->O           1   0.064   0.000  i_alu/Madd_sigResult_addsub0000_cy<19> (i_alu/Madd_sigResult_addsub0000_cy<19>)
     MUXCY:CI->O           1   0.064   0.000  i_alu/Madd_sigResult_addsub0000_cy<20> (i_alu/Madd_sigResult_addsub0000_cy<20>)
     MUXCY:CI->O           1   0.064   0.000  i_alu/Madd_sigResult_addsub0000_cy<21> (i_alu/Madd_sigResult_addsub0000_cy<21>)
     MUXCY:CI->O           1   0.064   0.000  i_alu/Madd_sigResult_addsub0000_cy<22> (i_alu/Madd_sigResult_addsub0000_cy<22>)
     MUXCY:CI->O           1   0.064   0.000  i_alu/Madd_sigResult_addsub0000_cy<23> (i_alu/Madd_sigResult_addsub0000_cy<23>)
     MUXCY:CI->O           1   0.064   0.000  i_alu/Madd_sigResult_addsub0000_cy<24> (i_alu/Madd_sigResult_addsub0000_cy<24>)
     MUXCY:CI->O           1   0.064   0.000  i_alu/Madd_sigResult_addsub0000_cy<25> (i_alu/Madd_sigResult_addsub0000_cy<25>)
     MUXCY:CI->O           1   0.064   0.000  i_alu/Madd_sigResult_addsub0000_cy<26> (i_alu/Madd_sigResult_addsub0000_cy<26>)
     MUXCY:CI->O           1   0.064   0.000  i_alu/Madd_sigResult_addsub0000_cy<27> (i_alu/Madd_sigResult_addsub0000_cy<27>)
     MUXCY:CI->O           1   0.064   0.000  i_alu/Madd_sigResult_addsub0000_cy<28> (i_alu/Madd_sigResult_addsub0000_cy<28>)
     MUXCY:CI->O           1   0.064   0.000  i_alu/Madd_sigResult_addsub0000_cy<29> (i_alu/Madd_sigResult_addsub0000_cy<29>)
     MUXCY:CI->O           0   0.064   0.000  i_alu/Madd_sigResult_addsub0000_cy<30> (i_alu/Madd_sigResult_addsub0000_cy<30>)
     XORCY:CI->O           3   0.904   0.907  i_alu/Madd_sigResult_addsub0000_xor<31> (DAddr_31_OBUF)
     OBUF:I->O                 5.644          DAddr_31_OBUF (DAddr<31>)
    ----------------------------------------
    Total                     20.507ns (12.828ns logic, 7.679ns route)
                                       (62.6% logic, 37.4% route)

=========================================================================


Total REAL time to Xst completion: 27.00 secs
Total CPU time to Xst completion: 26.98 secs
 
--> 

Total memory usage is 326008 kilobytes

Number of errors   :    0 (   0 filtered)
Number of warnings :    5 (   0 filtered)
Number of infos    :    2 (   0 filtered)

